[debug] [2021-05-28T13:40:59.809Z] ----------------------------------------------------------------------
[debug] [2021-05-28T13:40:59.817Z] Command:       F:\Program Files\nodejs\node.exe C:\Users\Test Subject\AppData\Roaming\npm\node_modules\firebase-tools\lib\bin\firebase.js init
[debug] [2021-05-28T13:40:59.818Z] CLI Version:   9.11.0
[debug] [2021-05-28T13:40:59.819Z] Platform:      win32
[debug] [2021-05-28T13:40:59.819Z] Node Version:  v14.15.5
[debug] [2021-05-28T13:40:59.821Z] Time:          Fri May 28 2021 15:40:59 GMT+0200 (közép-európai nyári idő)
[debug] [2021-05-28T13:40:59.822Z] ----------------------------------------------------------------------
[debug] 
[debug] [2021-05-28T13:40:59.857Z] >>> [apiv2][query] GET https://firebase-public.firebaseio.com/cli.json [none]
[debug] [2021-05-28T13:41:00.014Z] > command requires scopes: ["email","openid","https://www.googleapis.com/auth/cloudplatformprojects.readonly","https://www.googleapis.com/auth/firebase","https://www.googleapis.com/auth/cloud-platform"]
[debug] [2021-05-28T13:41:00.015Z] > authorizing via signed-in user (csajbok.martin2@gmail.com)
[info] 
     ######## #### ########  ######## ########     ###     ######  ########
     ##        ##  ##     ## ##       ##     ##  ##   ##  ##       ##
     ######    ##  ########  ######   ########  #########  ######  ######
     ##        ##  ##    ##  ##       ##     ## ##     ##       ## ##
     ##       #### ##     ## ######## ########  ##     ##  ######  ########

You're about to initialize a Firebase project in this directory:

  C:\Users\Test Subject\Dropbox\My PC (DESKTOP-JIQURRS)\Desktop\SAVED\szte\4felev\webkertproject\webkert-project

Before we get started, keep in mind:

  * You are initializing in an existing Firebase project directory

[debug] [2021-05-28T13:41:00.512Z] <<< [apiv2][status] GET https://firebase-public.firebaseio.com/cli.json 200
[debug] [2021-05-28T13:41:00.513Z] <<< [apiv2][body] GET https://firebase-public.firebaseio.com/cli.json {"cloudBuildErrorAfter":1594252800000,"cloudBuildWarnAfter":1590019200000,"defaultNode10After":1594252800000,"minVersion":"3.0.5","node8DeploysDisabledAfter":1613390400000,"node8RuntimeDisabledAfter":1615809600000,"node8WarnAfter":1600128000000}
[info] 
=== Project Setup
[info] 
[info] First, let's associate this project directory with a Firebase project.
[info] You can create multiple project aliases by running firebase use --add, 
[info] but for now we'll just set up a default project.
[info] 
[info] i  .firebaserc already has a default project, using webkert-project. 
[debug] [2021-05-28T13:42:00.836Z] > refreshing access token with scopes: []
[debug] [2021-05-28T13:42:00.837Z] >>> HTTP REQUEST POST https://www.googleapis.com/oauth2/v3/token  
 <request body omitted>
[debug] [2021-05-28T13:42:01.005Z] <<< HTTP RESPONSE 200 {"pragma":"no-cache","expires":"Mon, 01 Jan 1990 00:00:00 GMT","date":"Fri, 28 May 2021 13:42:00 GMT","cache-control":"no-cache, no-store, max-age=0, must-revalidate","content-type":"application/json; charset=utf-8","vary":"X-Origin, Referer, Origin,Accept-Encoding","server":"scaffolding on HTTPServer2","x-xss-protection":"0","x-frame-options":"SAMEORIGIN","x-content-type-options":"nosniff","alt-svc":"h3-29=\":443\"; ma=2592000,h3-T051=\":443\"; ma=2592000,h3-Q050=\":443\"; ma=2592000,h3-Q046=\":443\"; ma=2592000,h3-Q043=\":443\"; ma=2592000,quic=\":443\"; ma=2592000; v=\"46,43\"","accept-ranges":"none","transfer-encoding":"chunked"}
[debug] [2021-05-28T13:42:01.049Z] >>> [apiv2][query] GET https://firebase.googleapis.com/v1beta1/projects/webkert-project [none]
[debug] [2021-05-28T13:42:01.325Z] <<< [apiv2][status] GET https://firebase.googleapis.com/v1beta1/projects/webkert-project 200
[debug] [2021-05-28T13:42:01.325Z] <<< [apiv2][body] GET https://firebase.googleapis.com/v1beta1/projects/webkert-project {"projectId":"webkert-project","projectNumber":"748180342553","displayName":"webkert-project","name":"projects/webkert-project","resources":{"hostingSite":"webkert-project","storageBucket":"webkert-project.appspot.com","locationId":"europe-west"},"state":"ACTIVE"}
[info] 
=== Hosting Setup
[info] 
[info] Your public directory is the folder (relative to your project directory) that
[info] will contain Hosting assets to be uploaded with firebase deploy. If you
[info] have a build process for your assets, use your build's output directory.
[info] 
[debug] [2021-05-28T13:42:22.756Z] >>> [apiv2][query] GET https://www.gstatic.com/firebasejs/releases.json [none]
[debug] [2021-05-28T13:42:22.848Z] <<< [apiv2][status] GET https://www.gstatic.com/firebasejs/releases.json 200
[debug] [2021-05-28T13:42:22.848Z] <<< [apiv2][body] GET https://www.gstatic.com/firebasejs/releases.json {"current":{"version":"8.6.3","browserURL":"https://www.gstatic.com/firebasejs/8.6.3/firebase.js","packageURL":"https://www.gstatic.com/firebasejs/8.6.3/firebase.tgz"},"live":{"version":"8.6","browserURL":"https://www.gstatic.com/firebasejs/live/8.6/firebase.js","packageURL":"https://www.gstatic.com/firebasejs/live/8.6/firebase.tgz"},"components":{"analytics":"https://www.gstatic.com/firebasejs/8.6.3/firebase-analytics.js","app":"https://www.gstatic.com/firebasejs/8.6.3/firebase-app.js","app-check":"https://www.gstatic.com/firebasejs/8.6.3/firebase-app-check.js","auth":"https://www.gstatic.com/firebasejs/8.6.3/firebase-auth.js","database":"https://www.gstatic.com/firebasejs/8.6.3/firebase-database.js","firestore":"https://www.gstatic.com/firebasejs/8.6.3/firebase-firestore.js","functions":"https://www.gstatic.com/firebasejs/8.6.3/firebase-functions.js","installations":"https://www.gstatic.com/firebasejs/8.6.3/firebase-installations.js","messaging":"https://www.gstatic.com/firebasejs/8.6.3/firebase-messaging.js","storage":"https://www.gstatic.com/firebasejs/8.6.3/firebase-storage.js","performance":"https://www.gstatic.com/firebasejs/8.6.3/firebase-performance.js","remote-config":"https://www.gstatic.com/firebasejs/8.6.3/firebase-remote-config.js","firestore.memory":"https://www.gstatic.com/firebasejs/8.6.3/firebase-firestore.memory.js"}}
[info] +  Wrote y/index.html 
[info] 
[info] i  Detected a .git folder at C:\Users\Test Subject\Dropbox\My PC (DESKTOP-JIQURRS)\Desktop\SAVED\szte\4felev\webkertproject\webkert-project 
[info] i  Authorizing with GitHub to upload your service account to a GitHub repository's secrets store. 
[info] 
[info] Visit this URL on this device to log in:
[info] https://github.com/login/oauth/authorize?client_id=89cf50f02ac6aaed3484&state=1050825671&redirect_uri=http%3A%2F%2Flocalhost%3A9005&scope=read%3Auser%20repo%20public_repo
[info] 
[info] Waiting for authentication...
[debug] [2021-05-28T13:42:24.289Z] >>> HTTP REQUEST POST https://github.com/login/oauth/access_token  
 {"client_id":"89cf50f02ac6aaed3484","client_secret":"3330d14abc895d9a74d5f17cd7a00711fa2c5bf0","code":"daf1ab02c2cb16124179","redirect_uri":"http://localhost:9005","state":"1050825671"}
[debug] [2021-05-28T13:42:24.548Z] <<< HTTP RESPONSE 200 {"server":"GitHub.com","date":"Fri, 28 May 2021 13:42:24 GMT","content-type":"application/json; charset=utf-8","transfer-encoding":"chunked","vary":"X-PJAX, Accept-Encoding, Accept, X-Requested-With","permissions-policy":"interest-cohort=()","etag":"W/\"3f46cb70bd88803686d1ffd15ceab06f\"","cache-control":"max-age=0, private, must-revalidate","strict-transport-security":"max-age=31536000; includeSubdomains; preload","x-frame-options":"deny","x-content-type-options":"nosniff","x-xss-protection":"0","referrer-policy":"origin-when-cross-origin, strict-origin-when-cross-origin","expect-ct":"max-age=2592000, report-uri=\"https://api.github.com/_private/browser/errors\"","content-security-policy":"default-src 'none'; base-uri 'self'; block-all-mixed-content; connect-src 'self' uploads.github.com www.githubstatus.com collector.githubapp.com api.github.com github-cloud.s3.amazonaws.com github-production-repository-file-5c1aeb.s3.amazonaws.com github-production-upload-manifest-file-7fdce7.s3.amazonaws.com github-production-user-asset-6210df.s3.amazonaws.com html-translator.herokuapp.com cdn.optimizely.com logx.optimizely.com/v1/events wss://alive.github.com; font-src github.githubassets.com; form-action 'self' github.com gist.github.com; frame-ancestors 'none'; frame-src render.githubusercontent.com; img-src 'self' data: github.githubassets.com identicons.github.com collector.githubapp.com github-cloud.s3.amazonaws.com secured-user-images.githubusercontent.com/ *.githubusercontent.com; manifest-src 'self'; media-src 'none'; script-src github.githubassets.com; style-src 'unsafe-inline' github.githubassets.com; worker-src github.com/socket-worker-3f088aa2.js gist.github.com/socket-worker-3f088aa2.js","x-github-request-id":"C4A5:4A52:841062:8CD05F:60B0F33F"}
[debug] [2021-05-28T13:42:24.569Z] >>> [apiv2][query] GET https://api.github.com/user [none]
[debug] [2021-05-28T13:42:24.907Z] <<< [apiv2][status] GET https://api.github.com/user 200
[debug] [2021-05-28T13:42:24.907Z] <<< [apiv2][body] GET https://api.github.com/user {"login":"csmartin99","id":60933754,"node_id":"MDQ6VXNlcjYwOTMzNzU0","avatar_url":"https://avatars.githubusercontent.com/u/60933754?v=4","gravatar_id":"","url":"https://api.github.com/users/csmartin99","html_url":"https://github.com/csmartin99","followers_url":"https://api.github.com/users/csmartin99/followers","following_url":"https://api.github.com/users/csmartin99/following{/other_user}","gists_url":"https://api.github.com/users/csmartin99/gists{/gist_id}","starred_url":"https://api.github.com/users/csmartin99/starred{/owner}{/repo}","subscriptions_url":"https://api.github.com/users/csmartin99/subscriptions","organizations_url":"https://api.github.com/users/csmartin99/orgs","repos_url":"https://api.github.com/users/csmartin99/repos","events_url":"https://api.github.com/users/csmartin99/events{/privacy}","received_events_url":"https://api.github.com/users/csmartin99/received_events","type":"User","site_admin":false,"name":null,"company":null,"blog":"","location":null,"email":null,"hireable":null,"bio":null,"twitter_username":null,"public_repos":2,"public_gists":0,"followers":1,"following":1,"created_at":"2020-02-11T15:45:55Z","updated_at":"2021-05-20T13:02:41Z","private_gists":0,"total_private_repos":1,"owned_private_repos":1,"disk_usage":72010,"collaborators":1,"two_factor_authentication":false,"plan":{"name":"free","space":976562499,"collaborators":0,"private_repos":10000}}
[info] 
[info] +  Success! Logged into GitHub as csmartin99 
[info] 
